SF:lib/helpers/section_tag.dart
DA:2,0
DA:11,1
DA:12,1
DA:13,2
DA:16,1
DA:17,2
DA:20,1
DA:21,1
DA:22,1
DA:30,3
DA:31,1
DA:34,1
DA:38,1
DA:41,1
DA:42,2
DA:43,2
DA:46,1
DA:47,1
DA:54,3
DA:55,1
DA:57,2
DA:61,1
DA:62,1
LF:23
LH:22
end_of_record
SF:lib/models/deck_reference_model.dart
DA:15,1
LF:1
LH:1
end_of_record
SF:lib/helpers/utils.dart
DA:7,2
DA:8,4
DA:10,2
DA:12,2
DA:16,1
DA:17,1
DA:18,1
DA:19,1
DA:22,0
DA:23,0
DA:24,0
DA:29,0
DA:30,0
DA:32,0
DA:33,0
DA:38,0
DA:39,0
DA:41,0
DA:42,0
DA:43,0
DA:47,1
DA:51,1
DA:52,1
DA:54,1
DA:55,1
DA:57,2
DA:58,1
DA:59,1
DA:63,2
DA:64,1
DA:65,1
DA:76,0
DA:77,0
DA:79,0
DA:80,0
DA:82,0
DA:84,0
DA:86,0
DA:87,0
DA:90,0
DA:91,0
DA:93,0
DA:95,0
DA:96,0
DA:109,3
DA:118,9
DA:119,6
DA:121,6
DA:125,12
DA:130,3
DA:134,6
DA:135,9
DA:136,9
LF:53
LH:28
end_of_record
SF:lib/helpers/syntax_highlighter.dart
DA:6,0
DA:8,0
DA:10,0
DA:16,0
DA:22,0
DA:23,0
DA:24,0
DA:28,0
DA:29,0
DA:30,0
DA:32,0
DA:36,0
DA:37,0
DA:38,0
DA:42,1
DA:44,1
DA:45,1
DA:48,1
DA:51,1
DA:57,1
DA:60,2
DA:61,1
DA:62,1
DA:66,1
DA:68,1
DA:69,3
DA:70,3
DA:73,2
DA:74,1
DA:78,2
DA:83,1
DA:84,1
LF:32
LH:18
end_of_record
SF:lib/helpers/extensions.dart
DA:4,1
DA:5,1
DA:6,1
DA:9,1
DA:12,1
DA:13,1
DA:14,1
DA:20,1
DA:21,1
DA:22,1
LF:10
LH:10
end_of_record
SF:lib/helpers/deep_merge.dart
DA:1,1
DA:3,1
DA:5,1
DA:6,2
DA:7,1
DA:8,2
DA:9,1
DA:10,2
DA:12,1
DA:15,1
DA:20,1
DA:21,1
LF:12
LH:12
end_of_record
SF:lib/builder/slide_parser.dart
DA:9,0
DA:13,0
DA:14,0
DA:15,0
DA:16,0
DA:21,0
DA:22,0
DA:25,0
DA:26,0
DA:29,0
DA:31,0
DA:36,0
DA:38,0
DA:43,0
DA:44,0
DA:50,0
DA:51,0
DA:53,0
DA:55,0
DA:56,0
DA:62,0
DA:63,0
DA:65,0
DA:68,0
DA:69,0
DA:71,0
DA:72,0
DA:73,0
DA:76,0
LF:29
LH:0
end_of_record
SF:lib/models/config_model.dart
DA:18,8
DA:24,0
DA:25,0
DA:26,0
DA:27,0
DA:28,0
DA:38,7
DA:45,5
DA:46,0
DA:55,3
DA:57,1
DA:58,1
DA:59,1
DA:62,0
DA:63,0
DA:64,0
DA:68,0
DA:69,0
DA:70,0
DA:71,0
DA:72,0
LF:21
LH:7
end_of_record
SF:lib/models/slide_model.dart
DA:23,2
DA:32,2
DA:34,0
DA:35,0
DA:39,0
DA:40,0
DA:41,0
DA:42,0
DA:43,0
DA:44,0
DA:45,0
DA:46,0
DA:47,0
DA:48,0
DA:49,0
DA:50,0
DA:51,0
DA:52,0
DA:53,0
DA:54,0
DA:56,0
DA:58,0
DA:59,0
DA:60,0
DA:61,0
DA:63,0
DA:67,0
DA:68,0
DA:75,0
DA:76,0
DA:77,0
DA:78,0
DA:79,0
DA:80,0
DA:81,0
DA:88,2
DA:96,2
DA:102,0
DA:110,1
DA:125,1
DA:134,1
DA:140,0
DA:141,0
DA:142,0
DA:149,1
DA:158,1
DA:164,0
DA:165,0
DA:166,0
DA:179,1
DA:193,0
DA:194,0
DA:196,0
DA:199,0
DA:200,0
DA:202,0
DA:206,0
DA:215,1
DA:224,1
DA:226,0
DA:228,0
DA:234,0
DA:235,0
DA:236,0
DA:237,0
DA:245,1
DA:254,1
DA:256,0
DA:258,0
DA:260,0
DA:266,0
DA:267,0
DA:268,0
DA:269,0
DA:277,0
DA:285,0
DA:287,0
DA:288,0
DA:299,0
DA:300,0
DA:302,0
DA:303,0
DA:306,0
DA:310,0
DA:311,0
DA:312,0
DA:317,0
DA:318,0
DA:327,0
DA:329,0
DA:332,0
DA:333,0
LF:92
LH:14
end_of_record
SF:lib/builder/slides_loader.dart
DA:13,0
DA:15,0
DA:20,0
DA:21,0
DA:22,0
DA:24,0
DA:25,0
DA:26,0
DA:28,0
DA:30,0
DA:32,0
DA:33,0
DA:40,0
DA:42,0
DA:43,0
DA:44,0
DA:45,0
DA:50,0
DA:51,0
DA:52,0
DA:54,0
DA:59,0
DA:64,0
DA:67,0
DA:69,0
DA:72,0
LF:26
LH:0
end_of_record
SF:lib/services/project_service.dart
DA:18,1
DA:20,3
DA:22,0
DA:24,3
DA:26,1
DA:27,4
DA:28,0
DA:30,0
DA:34,0
DA:35,0
DA:36,0
DA:37,0
DA:39,0
DA:40,0
DA:51,0
DA:52,0
DA:53,0
DA:56,1
DA:57,2
DA:58,0
DA:60,2
DA:61,4
DA:64,0
DA:66,0
DA:68,0
DA:72,0
DA:73,0
DA:75,0
DA:77,0
DA:78,0
DA:79,0
DA:80,0
DA:86,0
DA:88,0
DA:89,0
DA:90,0
DA:95,0
DA:96,0
DA:99,0
DA:100,0
DA:102,0
DA:103,0
DA:104,0
DA:112,0
DA:114,0
DA:115,0
DA:117,0
DA:118,0
DA:119,0
DA:120,0
DA:125,0
DA:128,0
DA:129,0
DA:130,0
DA:132,0
DA:138,0
DA:141,0
DA:144,0
DA:145,0
DA:146,0
DA:147,0
DA:148,0
DA:149,0
LF:63
LH:9
end_of_record
SF:lib/builder/slides_pipeline.dart
DA:12,0
DA:18,0
DA:33,0
DA:40,0
DA:44,0
DA:45,0
DA:46,0
DA:47,0
DA:50,0
DA:51,0
DA:58,0
DA:60,0
DA:64,0
DA:66,0
DA:67,0
DA:68,0
DA:69,0
DA:74,0
DA:75,0
DA:78,0
DA:81,0
DA:82,0
DA:90,5
DA:98,5
DA:100,0
DA:102,0
DA:104,0
DA:105,0
DA:113,5
DA:115,0
DA:117,0
DA:119,0
DA:121,0
DA:122,0
DA:124,0
DA:125,0
DA:129,0
DA:131,0
DA:133,0
DA:136,0
DA:141,0
DA:142,0
DA:144,0
DA:145,0
DA:146,0
DA:147,0
DA:152,0
DA:155,0
DA:162,0
DA:165,0
DA:166,0
DA:172,0
DA:174,0
DA:176,0
DA:178,0
DA:184,0
DA:186,0
DA:188,0
DA:189,0
DA:192,0
DA:194,0
DA:195,0
DA:199,0
DA:200,0
DA:201,0
DA:203,0
DA:205,0
DA:206,0
DA:208,0
DA:211,0
DA:215,0
DA:217,0
DA:219,0
DA:221,0
DA:222,0
DA:224,0
DA:227,0
DA:228,0
DA:231,0
DA:233,0
DA:236,0
DA:237,0
DA:240,0
DA:243,0
DA:246,0
DA:249,0
DA:250,0
DA:251,0
LF:88
LH:3
end_of_record
SF:lib/services/mermaid_service.dart
DA:10,5
DA:14,0
DA:15,0
DA:17,0
DA:19,0
DA:20,0
DA:22,0
DA:23,0
DA:27,0
DA:29,0
DA:31,0
DA:33,0
DA:34,0
DA:37,0
DA:39,0
DA:40,0
DA:47,0
DA:49,0
DA:50,0
DA:51,0
DA:55,0
DA:57,0
DA:60,0
DA:61,0
LF:24
LH:1
end_of_record
SF:lib/components/atoms/cache_image_widget.dart
DA:21,0
DA:30,0
DA:32,0
DA:33,0
DA:35,0
DA:36,0
DA:38,0
DA:39,0
DA:40,0
DA:46,0
DA:53,0
DA:54,0
DA:56,0
DA:60,0
DA:64,0
DA:66,0
DA:73,0
DA:82,0
DA:84,0
DA:85,0
DA:88,0
DA:91,0
DA:94,0
DA:95,0
DA:98,0
DA:99,0
DA:101,0
DA:105,0
DA:107,0
LF:29
LH:0
end_of_record
SF:lib/components/atoms/linear_progresss_indicator_widget.dart
DA:6,0
DA:11,0
DA:13,0
DA:22,0
DA:24,0
DA:25,0
DA:29,0
DA:30,0
DA:31,0
DA:34,0
DA:36,0
DA:37,0
DA:38,0
DA:39,0
DA:40,0
DA:41,0
DA:43,0
DA:44,0
DA:46,0
DA:51,0
DA:53,0
DA:54,0
DA:57,0
DA:59,0
DA:60,0
DA:61,0
DA:62,0
DA:64,0
DA:65,0
LF:29
LH:0
end_of_record
SF:lib/components/atoms/loading_indicator.dart
DA:7,0
DA:13,0
DA:14,0
DA:22,0
DA:24,0
DA:25,0
DA:29,0
DA:30,0
DA:33,0
DA:35,0
DA:36,0
DA:37,0
DA:38,0
DA:40,0
DA:41,0
DA:42,0
DA:47,0
DA:49,0
DA:50,0
DA:53,0
DA:55,0
DA:56,0
DA:57,0
DA:58,0
DA:59,0
DA:60,0
DA:61,0
DA:74,5
DA:77,0
DA:78,0
DA:92,0
DA:94,0
DA:95,0
DA:98,0
DA:99,0
DA:100,0
DA:101,0
DA:107,0
DA:109,0
DA:110,0
DA:113,0
DA:115,0
DA:116,0
DA:117,0
DA:118,0
DA:120,0
DA:121,0
DA:122,0
DA:124,0
DA:125,0
DA:126,0
DA:128,0
DA:129,0
DA:130,0
DA:131,0
DA:132,0
DA:144,0
DA:146,0
DA:148,0
DA:149,0
DA:150,0
DA:151,0
DA:152,0
DA:153,0
DA:154,0
DA:155,0
DA:156,0
DA:157,0
DA:158,0
DA:159,0
DA:160,0
DA:161,0
DA:163,0
DA:164,0
DA:165,0
DA:166,0
DA:167,0
DA:168,0
DA:169,0
DA:170,0
DA:172,0
DA:173,0
DA:174,0
DA:175,0
DA:176,0
DA:177,0
DA:178,0
DA:179,0
DA:181,0
DA:182,0
DA:183,0
DA:184,0
DA:185,0
DA:186,0
DA:187,0
DA:188,0
DA:189,0
DA:191,0
DA:192,0
DA:193,0
DA:194,0
DA:195,0
DA:196,0
DA:197,0
DA:198,0
DA:199,0
DA:200,0
DA:201,0
DA:202,0
DA:204,0
DA:205,0
DA:206,0
DA:207,0
DA:210,0
DA:212,0
LF:115
LH:1
end_of_record
SF:lib/components/atoms/markdown_viewer.dart
DA:16,0
DA:24,0
DA:26,0
DA:33,0
DA:35,0
DA:36,0
DA:37,0
DA:38,0
DA:42,0
DA:44,0
DA:45,0
DA:46,0
DA:47,0
DA:48,0
DA:49,0
DA:50,0
DA:51,0
DA:55,0
DA:56,0
DA:58,0
DA:59,0
DA:60,0
DA:61,0
DA:62,0
DA:63,0
DA:66,0
DA:69,0
DA:74,0
DA:79,0
DA:80,0
DA:81,0
DA:83,0
DA:84,0
DA:85,0
DA:86,0
DA:88,0
DA:89,0
DA:90,0
DA:91,0
DA:92,0
DA:93,0
DA:101,0
DA:107,0
DA:112,0
DA:119,0
DA:120,0
DA:121,0
DA:123,0
DA:124,0
DA:127,0
DA:129,0
DA:131,0
DA:132,0
DA:133,0
DA:134,0
DA:135,0
DA:136,0
DA:137,0
DA:138,0
DA:139,0
DA:140,0
DA:141,0
DA:142,0
DA:154,0
DA:155,0
DA:157,0
DA:159,0
DA:160,0
DA:166,0
DA:191,0
DA:192,0
DA:196,0
DA:197,0
DA:198,0
DA:200,0
DA:201,0
DA:202,0
DA:203,0
DA:204,0
DA:205,0
DA:206,0
DA:207,0
DA:208,0
DA:209,0
DA:210,0
LF:85
LH:0
end_of_record
SF:lib/helpers/measure_size.dart
DA:12,1
DA:14,1
DA:16,1
DA:18,2
DA:19,2
DA:21,1
DA:22,3
DA:23,2
DA:31,1
DA:37,1
DA:39,2
DA:42,1
DA:45,2
DA:52,1
DA:57,1
DA:59,1
DA:61,1
DA:64,0
DA:67,0
DA:68,0
DA:69,0
DA:72,1
DA:73,1
DA:79,1
DA:80,2
DA:81,1
DA:85,1
DA:87,1
DA:88,1
DA:92,3
DA:94,1
DA:95,1
DA:96,1
DA:97,1
DA:98,1
DA:99,1
DA:101,1
DA:102,1
DA:103,3
LF:39
LH:35
end_of_record
SF:lib/providers/slide_provider.dart
DA:26,0
DA:36,0
DA:38,0
DA:41,0
DA:42,0
DA:45,0
DA:50,0
DA:51,0
DA:54,0
DA:55,0
DA:59,0
DA:60,0
DA:63,0
DA:64,0
DA:67,0
DA:68,0
DA:74,0
DA:75,0
DA:78,0
DA:79,0
DA:82,0
DA:83,0
DA:86,0
DA:87,0
DA:91,0
DA:92,0
LF:26
LH:0
end_of_record
SF:lib/components/atoms/slide_thumbnail.dart
DA:15,0
DA:16,0
DA:17,0
DA:18,0
DA:19,0
DA:20,0
DA:21,0
DA:31,0
DA:39,0
DA:47,0
DA:48,0
DA:61,0
DA:63,0
DA:65,0
DA:68,0
DA:70,0
DA:71,0
DA:72,0
DA:73,0
DA:77,0
DA:78,0
DA:81,0
DA:82,0
DA:83,0
DA:86,0
DA:89,0
DA:92,0
DA:94,0
DA:97,0
DA:99,0
DA:100,0
DA:102,0
DA:104,0
DA:105,0
DA:106,0
DA:107,0
DA:108,0
DA:109,0
DA:112,0
DA:116,0
DA:121,0
DA:129,0
DA:130,0
DA:131,0
DA:132,0
DA:133,0
DA:135,0
DA:136,0
DA:138,0
DA:139,0
DA:141,0
DA:145,0
DA:146,0
DA:154,0
DA:157,0
DA:160,0
DA:161,0
DA:162,0
DA:186,0
DA:194,0
DA:196,0
DA:198,0
DA:199,0
DA:200,0
DA:201,0
DA:202,0
DA:204,0
DA:205,0
DA:207,0
DA:208,0
DA:209,0
LF:71
LH:0
end_of_record
SF:lib/services/snapshot_service.dart
DA:28,0
DA:30,0
DA:32,0
DA:35,0
DA:39,0
DA:41,0
DA:42,0
DA:45,0
DA:47,0
DA:48,0
DA:49,0
DA:50,0
DA:54,0
DA:56,0
DA:59,0
DA:63,0
DA:68,0
DA:69,0
DA:70,0
DA:73,0
DA:74,0
DA:75,0
DA:76,0
DA:79,0
DA:88,0
DA:90,0
DA:91,0
DA:92,0
DA:94,0
DA:96,0
DA:101,0
DA:102,0
DA:104,0
DA:106,0
DA:111,0
DA:113,0
DA:117,0
DA:118,0
DA:119,0
DA:120,0
DA:126,0
DA:127,0
DA:132,0
DA:133,0
DA:134,0
DA:139,0
DA:140,0
DA:142,0
DA:144,0
DA:148,0
DA:150,0
DA:152,0
DA:153,0
DA:154,0
DA:155,0
DA:156,0
DA:158,0
DA:161,0
DA:165,0
DA:167,0
DA:170,0
DA:172,0
DA:176,0
LF:63
LH:0
end_of_record
SF:lib/components/molecules/scaled_app.dart
DA:9,0
DA:14,0
DA:16,0
DA:18,0
DA:19,0
DA:20,0
DA:22,0
DA:24,0
DA:25,0
DA:26,0
DA:29,0
DA:30,0
DA:32,0
DA:35,0
DA:37,0
DA:38,0
DA:40,0
DA:41,0
DA:42,0
DA:43,0
DA:44,0
DA:45,0
DA:48,0
DA:49,0
DA:50,0
DA:52,0
DA:68,0
DA:76,0
DA:78,0
DA:79,0
DA:82,0
DA:84,0
LF:32
LH:0
end_of_record
SF:lib/components/atoms/slide_view.dart
DA:15,0
DA:20,0
DA:27,0
DA:29,0
DA:30,0
DA:31,0
DA:33,0
DA:35,0
DA:36,0
DA:37,0
DA:44,0
DA:46,0
DA:47,0
DA:48,0
DA:49,0
DA:51,0
DA:52,0
DA:53,0
DA:54,0
DA:55,0
DA:57,0
DA:58,0
DA:59,0
DA:60,0
DA:61,0
DA:63,0
DA:66,0
DA:67,0
DA:68,0
DA:69,0
DA:70,0
DA:71,0
DA:72,0
DA:73,0
DA:74,0
DA:75,0
DA:76,0
DA:77,0
DA:78,0
DA:79,0
DA:80,0
DA:81,0
DA:82,0
DA:84,0
DA:103,1
DA:111,0
DA:113,0
DA:115,0
DA:117,0
DA:120,1
DA:122,3
LF:51
LH:3
end_of_record
SF:lib/helpers/layout_builder.dart
DA:16,0
DA:18,0
DA:19,0
DA:20,0
DA:21,0
DA:25,0
DA:27,0
DA:30,0
DA:31,0
DA:32,0
DA:33,0
DA:39,0
DA:41,0
DA:42,0
DA:46,0
DA:48,0
DA:52,0
DA:54,0
DA:55,0
DA:56,0
DA:57,0
DA:58,0
DA:59,0
DA:60,0
DA:61,0
DA:62,0
DA:63,0
DA:66,0
DA:68,0
DA:70,0
DA:71,0
DA:73,0
DA:75,0
DA:82,0
DA:84,0
DA:85,0
DA:86,0
DA:88,0
DA:89,0
DA:90,0
DA:91,0
DA:93,0
DA:96,0
DA:97,0
DA:101,0
DA:104,0
DA:106,0
DA:112,0
DA:114,0
DA:116,0
DA:118,0
DA:120,0
DA:122,0
DA:123,0
DA:124,0
DA:125,0
DA:126,0
DA:127,0
DA:128,0
DA:129,0
DA:131,0
DA:132,0
DA:139,0
DA:144,0
DA:146,0
DA:148,0
DA:150,0
DA:151,0
DA:156,0
DA:157,0
DA:165,0
DA:166,0
DA:167,0
DA:169,0
DA:170,0
DA:173,0
DA:174,0
DA:175,0
DA:176,0
DA:177,0
DA:178,0
DA:179,0
DA:182,0
DA:187,0
DA:188,0
DA:189,0
DA:195,0
DA:200,0
DA:202,0
DA:204,0
DA:205,0
DA:207,0
DA:208,0
DA:209,0
DA:210,0
DA:211,0
DA:212,0
DA:220,0
DA:222,0
DA:224,0
DA:225,0
DA:226,0
DA:228,0
DA:230,0
DA:231,0
DA:232,0
DA:233,0
DA:234,0
DA:235,0
DA:236,0
DA:237,0
DA:238,0
DA:240,0
DA:245,0
DA:247,0
DA:248,0
DA:249,0
DA:250,0
DA:251,0
DA:253,0
DA:255,0
DA:257,0
LF:122
LH:0
end_of_record
SF:lib/components/atoms/transition_widget.dart
DA:10,0
DA:16,0
DA:18,0
DA:19,0
DA:20,0
DA:21,0
DA:23,0
DA:25,0
DA:26,0
DA:27,0
DA:31,0
DA:37,0
DA:39,0
DA:41,0
DA:43,0
DA:45,0
DA:47,0
DA:49,0
DA:51,0
DA:53,0
DA:55,0
DA:57,0
DA:59,0
DA:61,0
DA:63,0
DA:65,0
DA:67,0
DA:74,0
DA:83,0
DA:85,0
DA:87,0
DA:89,0
DA:91,0
DA:93,0
DA:95,0
DA:97,0
DA:99,0
DA:101,0
DA:103,0
DA:105,0
DA:107,0
DA:109,0
DA:111,0
DA:113,0
DA:115,0
DA:117,0
DA:119,0
DA:121,0
DA:123,0
DA:125,0
DA:127,0
DA:129,0
DA:131,0
DA:133,0
DA:135,0
DA:137,0
DA:139,0
DA:141,0
DA:143,0
DA:145,0
DA:147,0
DA:149,0
DA:151,0
DA:153,0
DA:155,0
DA:157,0
DA:159,0
DA:161,0
DA:163,0
DA:165,0
DA:167,0
DA:169,0
DA:171,0
DA:173,0
LF:74
LH:0
end_of_record
SF:lib/models/options_model.dart
DA:18,14
DA:23,1
DA:25,2
DA:28,0
DA:29,0
DA:30,0
DA:31,0
DA:41,2
DA:47,2
DA:49,2
DA:51,0
DA:52,0
DA:53,0
DA:54,0
DA:64,2
DA:71,0
DA:72,0
DA:73,0
DA:74,0
DA:84,2
DA:91,0
DA:92,0
DA:93,0
DA:94,0
DA:108,3
DA:117,1
DA:118,3
DA:120,1
DA:122,2
DA:125,0
DA:126,0
DA:127,0
DA:128,0
DA:129,0
DA:130,0
DA:137,0
DA:145,0
DA:157,0
DA:163,0
DA:168,0
DA:171,0
DA:172,0
DA:174,0
DA:180,0
DA:185,0
DA:192,0
DA:194,0
DA:199,0
DA:205,0
DA:206,0
DA:209,0
DA:213,0
DA:215,0
DA:216,0
DA:217,0
DA:219,0
DA:223,0
DA:224,0
DA:225,0
DA:226,0
DA:227,0
DA:228,0
DA:229,0
DA:231,0
DA:232,0
DA:239,0
DA:255,0
DA:256,0
DA:259,0
DA:261,0
DA:262,0
DA:263,0
DA:264,0
DA:265,0
DA:266,0
DA:267,0
DA:273,0
DA:348,0
DA:349,0
DA:371,0
DA:372,0
DA:383,0
DA:384,0
DA:387,0
DA:389,0
DA:390,0
DA:391,0
DA:392,0
DA:396,0
DA:397,0
DA:413,0
DA:414,0
DA:417,0
DA:419,0
DA:420,0
DA:421,0
DA:422,0
DA:423,0
DA:424,0
DA:425,0
DA:426,0
DA:427,0
LF:102
LH:13
end_of_record
SF:lib/components/molecules/code_preview.dart
DA:4,0
DA:11,0
DA:14,0
LF:3
LH:0
end_of_record
SF:lib/components/molecules/exception_widget.dart
DA:5,0
DA:8,0
DA:10,0
DA:11,0
DA:12,0
DA:14,0
DA:16,0
DA:18,0
DA:19,0
LF:9
LH:0
end_of_record
SF:lib/components/molecules/slide_content.dart
DA:10,0
DA:19,0
DA:21,0
DA:23,0
DA:25,0
DA:27,0
DA:28,0
DA:34,0
DA:38,0
DA:40,0
DA:46,0
DA:48,0
DA:49,0
LF:13
LH:0
end_of_record
SF:lib/styles/style_spec.dart
DA:22,5
DA:35,5
DA:48,5
DA:62,5
DA:84,5
DA:105,5
DA:121,5
DA:182,10
DA:215,0
DA:216,0
DA:217,0
DA:218,0
DA:219,0
DA:220,0
DA:221,0
DA:222,0
DA:223,0
DA:224,0
DA:225,0
DA:226,0
DA:227,0
DA:228,0
DA:229,0
DA:230,0
DA:231,0
DA:232,0
DA:233,0
DA:234,0
DA:235,0
DA:236,0
DA:237,0
DA:238,0
DA:239,0
DA:240,0
DA:241,0
DA:242,0
DA:243,0
DA:244,0
DA:245,0
DA:246,0
DA:247,0
DA:248,0
DA:249,0
DA:250,0
DA:251,0
DA:252,0
DA:253,0
DA:254,0
DA:255,0
DA:256,0
DA:258,0
DA:259,0
DA:260,0
DA:261,0
DA:262,0
DA:263,0
DA:269,0
DA:270,0
DA:275,0
DA:276,0
DA:277,0
DA:278,0
DA:279,0
DA:280,0
DA:281,0
DA:282,0
DA:283,0
DA:284,0
DA:285,0
DA:286,0
DA:287,0
DA:288,0
DA:293,0
DA:294,0
DA:295,0
LF:75
LH:8
end_of_record
SF:lib/styles/style_spec.g.dart
DA:10,0
DA:11,0
DA:28,0
DA:29,0
DA:34,0
DA:40,0
DA:41,0
DA:42,0
DA:43,0
DA:67,0
DA:69,0
DA:71,0
DA:72,0
DA:73,0
DA:74,0
DA:82,0
DA:83,0
DA:84,0
DA:85,0
DA:86,0
DA:89,0
DA:104,0
DA:118,0
DA:120,0
DA:121,0
DA:122,0
DA:123,0
DA:135,0
DA:139,0
DA:140,0
DA:141,0
DA:142,0
DA:150,0
DA:151,0
DA:152,0
DA:153,0
DA:154,0
DA:173,0
DA:175,0
DA:178,0
DA:184,0
DA:197,0
DA:202,0
DA:204,0
DA:208,0
DA:209,0
DA:212,0
DA:217,0
DA:218,0
DA:235,0
DA:236,0
DA:241,0
DA:247,0
DA:248,0
DA:249,0
DA:250,0
DA:274,0
DA:276,0
DA:278,0
DA:279,0
DA:280,0
DA:281,0
DA:289,0
DA:290,0
DA:291,0
DA:292,0
DA:293,0
DA:296,0
DA:311,0
DA:325,0
DA:327,0
DA:328,0
DA:329,0
DA:330,0
DA:342,0
DA:346,0
DA:347,0
DA:348,0
DA:349,0
DA:357,0
DA:358,0
DA:359,0
DA:360,0
DA:361,0
DA:380,0
DA:382,0
DA:385,0
DA:391,0
DA:404,0
DA:409,0
DA:411,0
DA:415,0
DA:416,0
DA:419,0
DA:424,0
DA:425,0
DA:442,0
DA:443,0
DA:448,0
DA:453,0
DA:454,0
DA:455,0
DA:479,0
DA:481,0
DA:483,0
DA:484,0
DA:485,0
DA:493,0
DA:494,0
DA:495,0
DA:496,0
DA:499,0
DA:513,0
DA:526,0
DA:528,0
DA:529,0
DA:530,0
DA:542,0
DA:546,0
DA:547,0
DA:548,0
DA:556,0
DA:557,0
DA:558,0
DA:559,0
DA:575,0
DA:577,0
DA:580,0
DA:585,0
DA:597,0
DA:602,0
DA:604,0
DA:608,0
DA:609,0
DA:612,0
DA:617,0
DA:618,0
DA:635,0
DA:636,0
DA:641,0
DA:649,0
DA:650,0
DA:651,0
DA:652,0
DA:653,0
DA:654,0
DA:679,0
DA:681,0
DA:683,0
DA:684,0
DA:686,0
DA:688,0
DA:690,0
DA:692,0
DA:700,0
DA:701,0
DA:702,0
DA:703,0
DA:704,0
DA:705,0
DA:706,0
DA:709,0
DA:726,0
DA:742,0
DA:744,0
DA:745,0
DA:746,0
DA:747,0
DA:748,0
DA:749,0
DA:761,0
DA:765,0
DA:766,0
DA:767,0
DA:769,0
DA:770,0
DA:771,0
DA:779,0
DA:780,0
DA:781,0
DA:782,0
DA:783,0
DA:784,0
DA:785,0
DA:812,0
DA:814,0
DA:817,0
DA:825,0
DA:840,0
DA:845,0
DA:847,0
DA:851,0
DA:852,0
DA:855,0
DA:860,0
DA:861,0
DA:878,0
DA:879,0
DA:884,0
DA:896,0
DA:897,0
DA:898,0
DA:899,0
DA:900,0
DA:901,0
DA:902,0
DA:903,0
DA:904,0
DA:905,0
DA:931,0
DA:933,0
DA:935,0
DA:936,0
DA:937,0
DA:938,0
DA:939,0
DA:940,0
DA:941,0
DA:942,0
DA:944,0
DA:946,0
DA:954,0
DA:955,0
DA:956,0
DA:957,0
DA:958,0
DA:959,0
DA:960,0
DA:961,0
DA:962,0
DA:963,0
DA:964,0
DA:967,0
DA:988,0
DA:1008,0
DA:1010,0
DA:1011,0
DA:1012,0
DA:1013,0
DA:1014,0
DA:1015,0
DA:1016,0
DA:1017,0
DA:1018,0
DA:1019,0
DA:1031,0
DA:1035,0
DA:1036,0
DA:1037,0
DA:1038,0
DA:1039,0
DA:1040,0
DA:1041,0
DA:1042,0
DA:1044,0
DA:1045,0
DA:1053,0
DA:1054,0
DA:1055,0
DA:1056,0
DA:1057,0
DA:1058,0
DA:1059,0
DA:1060,0
DA:1061,0
DA:1062,0
DA:1063,0
DA:1102,0
DA:1104,0
DA:1107,0
DA:1119,0
DA:1138,0
DA:1143,0
DA:1145,0
DA:1149,0
DA:1150,0
DA:1153,0
DA:1158,0
DA:1159,0
DA:1176,0
DA:1177,0
DA:1182,0
DA:1189,0
DA:1190,0
DA:1191,0
DA:1192,0
DA:1193,0
DA:1218,0
DA:1220,0
DA:1222,0
DA:1223,0
DA:1224,0
DA:1225,0
DA:1226,0
DA:1234,0
DA:1235,0
DA:1236,0
DA:1237,0
DA:1238,0
DA:1239,0
DA:1242,0
DA:1258,0
DA:1273,0
DA:1275,0
DA:1276,0
DA:1277,0
DA:1278,0
DA:1279,0
DA:1291,0
DA:1295,0
DA:1296,0
DA:1297,0
DA:1298,0
DA:1299,0
DA:1307,0
DA:1308,0
DA:1309,0
DA:1310,0
DA:1311,0
DA:1312,0
DA:1334,0
DA:1336,0
DA:1339,0
DA:1346,0
DA:1360,0
DA:1365,0
DA:1367,0
DA:1371,0
DA:1372,0
DA:1375,0
DA:1380,0
DA:1381,0
DA:1398,0
DA:1399,0
DA:1404,0
DA:1411,0
DA:1412,0
DA:1413,0
DA:1414,0
DA:1415,0
DA:1440,0
DA:1442,0
DA:1444,0
DA:1445,0
DA:1446,0
DA:1447,0
DA:1448,0
DA:1456,0
DA:1457,0
DA:1458,0
DA:1459,0
DA:1460,0
DA:1461,0
DA:1464,0
DA:1480,0
DA:1495,0
DA:1497,0
DA:1498,0
DA:1499,0
DA:1500,0
DA:1501,0
DA:1513,0
DA:1517,0
DA:1518,0
DA:1519,0
DA:1520,0
DA:1521,0
DA:1529,0
DA:1530,0
DA:1531,0
DA:1532,0
DA:1533,0
DA:1534,0
DA:1556,0
DA:1558,0
DA:1561,0
DA:1568,0
DA:1582,0
DA:1587,0
DA:1589,0
DA:1593,0
DA:1594,0
DA:1597,0
DA:1602,0
DA:1603,0
DA:1620,0
DA:1621,0
DA:1626,0
DA:1656,0
DA:1657,0
DA:1658,0
DA:1659,0
DA:1660,0
DA:1661,0
DA:1662,0
DA:1663,0
DA:1664,0
DA:1665,0
DA:1666,0
DA:1667,0
DA:1668,0
DA:1669,0
DA:1670,0
DA:1671,0
DA:1672,0
DA:1673,0
DA:1674,0
DA:1675,0
DA:1676,0
DA:1678,0
DA:1679,0
DA:1680,0
DA:1681,0
DA:1682,0
DA:1683,0
DA:1684,0
DA:1711,0
DA:1713,0
DA:1715,0
DA:1716,0
DA:1717,0
DA:1718,0
DA:1719,0
DA:1720,0
DA:1721,0
DA:1722,0
DA:1723,0
DA:1725,0
DA:1727,0
DA:1728,0
DA:1729,0
DA:1730,0
DA:1731,0
DA:1732,0
DA:1733,0
DA:1734,0
DA:1735,0
DA:1736,0
DA:1737,0
DA:1738,0
DA:1739,0
DA:1740,0
DA:1741,0
DA:1742,0
DA:1743,0
DA:1744,0
DA:1745,0
DA:1753,0
DA:1754,0
DA:1755,0
DA:1756,0
DA:1757,0
DA:1758,0
DA:1759,0
DA:1760,0
DA:1761,0
DA:1762,0
DA:1763,0
DA:1764,0
DA:1765,0
DA:1766,0
DA:1767,0
DA:1768,0
DA:1769,0
DA:1770,0
DA:1771,0
DA:1772,0
DA:1773,0
DA:1774,0
DA:1775,0
DA:1776,0
DA:1777,0
DA:1778,0
DA:1779,0
DA:1780,0
DA:1781,0
DA:1784,0
DA:1822,0
DA:1860,0
DA:1862,0
DA:1863,0
DA:1864,0
DA:1865,0
DA:1866,0
DA:1867,0
DA:1868,0
DA:1869,0
DA:1870,0
DA:1871,0
DA:1872,0
DA:1873,0
DA:1874,0
DA:1875,0
DA:1876,0
DA:1877,0
DA:1878,0
DA:1879,0
DA:1880,0
DA:1881,0
DA:1882,0
DA:1883,0
DA:1884,0
DA:1885,0
DA:1886,0
DA:1887,0
DA:1888,0
DA:1889,0
DA:1901,0
DA:1905,0
DA:1906,0
DA:1907,0
DA:1908,0
DA:1909,0
DA:1910,0
DA:1911,0
DA:1912,0
DA:1913,0
DA:1914,0
DA:1915,0
DA:1916,0
DA:1917,0
DA:1918,0
DA:1919,0
DA:1920,0
DA:1921,0
DA:1922,0
DA:1923,0
DA:1924,0
DA:1925,0
DA:1927,0
DA:1928,0
DA:1929,0
DA:1931,0
DA:1933,0
DA:1934,0
DA:1935,0
DA:1936,0
DA:1937,0
DA:1945,0
DA:1946,0
DA:1947,0
DA:1948,0
DA:1949,0
DA:1950,0
DA:1951,0
DA:1952,0
DA:1953,0
DA:1954,0
DA:1955,0
DA:1956,0
DA:1957,0
DA:1958,0
DA:1959,0
DA:1960,0
DA:1961,0
DA:1962,0
DA:1963,0
DA:1964,0
DA:1965,0
DA:1966,0
DA:1967,0
DA:1968,0
DA:1969,0
DA:1970,0
DA:1971,0
DA:1972,0
DA:1973,0
DA:2067,0
DA:2069,0
DA:2072,0
DA:2102,0
DA:2139,0
DA:2144,0
DA:2146,0
DA:2150,0
DA:2151,0
DA:2154,0
LF:577
LH:0
end_of_record
SF:lib/components/molecules/slide_preview.dart
DA:13,0
DA:20,0
DA:22,0
DA:23,0
DA:25,0
DA:26,0
DA:27,0
DA:28,0
DA:30,0
DA:31,0
DA:32,0
DA:38,0
DA:39,0
DA:47,0
DA:54,0
DA:56,0
DA:57,0
DA:58,0
DA:59,0
DA:60,0
DA:61,0
DA:62,0
DA:63,0
DA:66,0
DA:67,0
DA:68,0
DA:69,0
DA:70,0
LF:28
LH:0
end_of_record
SF:lib/styles/style_util.dart
DA:6,0
DA:9,0
DA:10,0
DA:11,0
DA:12,0
DA:14,0
DA:16,0
DA:17,0
DA:18,0
DA:19,0
DA:20,0
DA:21,0
DA:22,0
DA:23,0
DA:24,0
DA:25,0
DA:26,0
DA:27,0
DA:28,0
DA:29,0
DA:30,0
DA:31,0
DA:32,0
DA:33,0
DA:34,0
DA:35,0
DA:36,0
DA:38,0
DA:39,0
DA:41,0
DA:43,0
DA:44,0
DA:45,0
DA:46,0
DA:47,0
DA:48,0
DA:49,0
DA:50,0
DA:51,0
DA:52,0
DA:53,0
DA:54,0
DA:55,0
DA:56,0
DA:57,0
DA:58,0
DA:59,0
DA:60,0
DA:61,0
DA:63,0
DA:64,0
DA:65,0
DA:66,0
DA:67,0
DA:68,0
DA:69,0
DA:70,0
DA:71,0
DA:72,0
DA:73,0
DA:74,0
DA:75,0
DA:76,0
DA:77,0
DA:78,0
DA:79,0
DA:80,0
DA:82,0
LF:68
LH:0
end_of_record
SF:lib/components/molecules/split_view.dart
DA:9,0
DA:10,0
DA:11,0
DA:12,0
DA:13,0
DA:14,0
DA:18,0
DA:23,0
DA:28,0
DA:30,0
DA:38,0
DA:40,0
DA:41,0
DA:45,0
DA:46,0
DA:47,0
DA:52,0
DA:53,0
DA:57,0
DA:59,0
DA:60,0
DA:63,0
DA:65,0
DA:67,0
DA:68,0
DA:69,0
DA:71,0
DA:75,0
DA:77,0
DA:78,0
DA:80,0
DA:82,0
DA:85,0
DA:89,0
DA:90,0
DA:91,0
DA:92,0
DA:93,0
DA:94,0
DA:95,0
DA:99,0
DA:101,0
DA:107,0
DA:109,0
DA:114,0
DA:116,0
DA:125,0
DA:131,0
DA:134,0
DA:135,0
DA:137,0
DA:141,0
DA:142,0
DA:162,0
DA:170,0
DA:172,0
DA:173,0
DA:174,0
DA:177,0
DA:180,0
DA:181,0
DA:184,0
DA:185,0
DA:188,0
DA:189,0
DA:195,0
DA:196,0
DA:199,0
DA:200,0
DA:203,0
DA:204,0
DA:207,0
DA:208,0
LF:73
LH:0
end_of_record
SF:lib/components/molecules/slide_thumbnail_list.dart
DA:11,0
DA:24,0
DA:25,0
DA:34,0
DA:36,0
DA:38,0
DA:39,0
DA:43,0
DA:44,0
DA:49,0
DA:54,0
DA:58,0
DA:60,0
DA:61,0
DA:62,0
DA:65,0
DA:68,0
DA:75,0
DA:78,0
DA:80,0
DA:81,0
DA:82,0
DA:86,0
DA:88,0
DA:90,0
DA:91,0
DA:92,0
DA:93,0
DA:94,0
DA:96,0
DA:97,0
DA:98,0
DA:100,0
DA:102,0
DA:103,0
LF:35
LH:0
end_of_record
SF:lib/providers/controller.dart
DA:14,0
DA:15,0
DA:18,0
DA:20,0
DA:22,0
DA:42,0
DA:47,0
DA:48,0
DA:49,0
DA:52,0
DA:53,0
DA:55,0
DA:59,0
DA:63,0
DA:64,0
DA:65,0
DA:68,0
DA:69,0
DA:70,0
DA:71,0
DA:72,0
DA:73,0
DA:74,0
DA:80,0
DA:81,0
DA:84,0
DA:86,0
DA:92,0
DA:93,0
DA:94,0
DA:95,0
DA:97,0
DA:98,0
DA:99,0
DA:100,0
DA:101,0
DA:106,0
DA:107,0
DA:108,0
DA:109,0
DA:111,0
DA:115,0
DA:116,0
DA:117,0
DA:120,0
DA:121,0
DA:124,0
DA:125,0
DA:128,0
DA:129,0
DA:132,0
DA:133,0
DA:136,0
DA:137,0
DA:138,0
DA:141,0
DA:142,0
DA:143,0
DA:144,0
DA:149,0
DA:150,0
DA:151,0
DA:156,0
DA:157,0
DA:158,0
LF:65
LH:0
end_of_record
SF:lib/components/organisms/app_shell.dart
DA:11,0
DA:17,0
DA:20,0
DA:25,0
DA:26,0
DA:34,0
DA:36,0
DA:37,0
DA:41,0
DA:42,0
DA:46,0
DA:47,0
DA:51,0
DA:53,0
DA:54,0
DA:57,0
DA:58,0
DA:59,0
DA:65,0
DA:75,0
DA:77,0
DA:79,0
DA:80,0
DA:81,0
DA:83,0
DA:86,0
DA:88,0
DA:90,0
DA:93,0
DA:96,0
DA:99,0
DA:102,0
DA:105,0
DA:108,0
DA:109,0
DA:112,0
DA:114,0
DA:116,0
DA:121,0
DA:122,0
DA:123,0
DA:124,0
DA:125,0
DA:128,0
DA:132,0
DA:133,0
DA:134,0
DA:135,0
DA:136,0
DA:143,0
DA:145,0
DA:147,0
DA:151,0
DA:152,0
DA:153,0
DA:154,0
DA:155,0
DA:160,0
DA:161,0
DA:162,0
DA:163,0
DA:164,0
LF:62
LH:0
end_of_record
SF:lib/components/organisms/drawer.dart
DA:16,0
DA:20,0
LF:2
LH:0
end_of_record
SF:lib/components/superdeck_app.dart
DA:19,0
DA:20,0
DA:23,0
DA:34,0
DA:38,0
DA:42,0
DA:43,0
DA:44,0
DA:45,0
DA:51,0
DA:53,0
DA:66,0
DA:68,0
DA:69,0
DA:70,0
DA:71,0
DA:75,0
DA:77,0
DA:78,0
DA:81,0
DA:83,0
DA:84,0
DA:85,0
DA:86,0
DA:87,0
DA:88,0
DA:91,0
DA:92,0
DA:93,0
DA:94,0
DA:95,0
DA:97,0
DA:98,0
DA:99,0
DA:100,0
DA:101,0
DA:102,0
DA:103,0
DA:120,0
DA:124,0
DA:134,0
DA:135,0
DA:136,0
DA:139,0
DA:142,0
DA:143,0
DA:144,0
DA:146,0
DA:147,0
DA:149,0
DA:150,0
DA:151,0
DA:160,0
DA:162,0
DA:164,0
DA:165,0
DA:166,0
DA:167,0
DA:169,0
DA:175,0
DA:176,0
DA:177,0
DA:179,0
LF:63
LH:0
end_of_record
SF:lib/helpers/theme.dart
DA:3,0
DA:4,0
LF:2
LH:0
end_of_record
SF:lib/screens/export_screen.dart
DA:27,0
DA:31,5
DA:33,0
DA:34,0
DA:40,0
DA:41,0
DA:43,0
DA:45,0
DA:48,0
DA:49,0
DA:50,0
DA:53,0
DA:55,0
DA:56,0
DA:58,0
DA:62,0
DA:63,0
DA:66,0
DA:67,0
DA:68,0
DA:71,0
DA:73,0
DA:75,0
DA:76,0
DA:77,0
DA:78,0
DA:81,0
DA:83,0
DA:86,0
DA:87,0
DA:90,0
DA:91,0
DA:93,0
DA:96,0
DA:103,0
DA:104,0
DA:105,0
DA:106,0
DA:118,0
DA:127,0
DA:128,0
DA:137,0
DA:139,0
DA:141,0
DA:143,0
DA:146,0
DA:148,0
DA:149,0
DA:152,0
DA:154,0
DA:155,0
DA:157,0
DA:159,0
DA:160,0
DA:161,0
DA:164,0
DA:169,0
DA:170,0
DA:173,0
DA:175,0
DA:176,0
DA:177,0
DA:179,0
DA:181,0
DA:182,0
DA:186,0
DA:189,0
DA:191,0
DA:192,0
DA:193,0
DA:198,0
DA:202,0
DA:206,0
DA:208,0
DA:210,0
DA:211,0
DA:213,0
DA:217,0
DA:218,0
DA:220,0
DA:221,0
DA:223,0
DA:224,0
DA:225,0
DA:226,0
DA:227,0
DA:229,0
DA:230,0
DA:231,0
DA:233,0
DA:234,0
DA:242,0
DA:245,0
DA:247,0
DA:249,0
DA:251,0
DA:254,0
DA:256,0
DA:260,0
DA:261,0
DA:262,0
DA:264,0
DA:265,0
DA:266,0
DA:267,0
DA:268,0
DA:271,0
DA:272,0
DA:273,0
DA:295,0
DA:296,0
DA:302,0
DA:303,0
DA:304,0
DA:305,0
DA:306,0
DA:307,0
DA:308,0
DA:315,0
DA:317,0
DA:320,0
DA:321,0
DA:322,0
DA:323,0
DA:324,0
DA:328,0
DA:329,0
DA:330,0
DA:337,0
DA:338,0
DA:339,0
DA:340,0
DA:342,0
DA:343,0
DA:345,0
DA:347,0
LF:136
LH:1
end_of_record
SF:lib/screens/home_screen.dart
DA:9,5
DA:13,0
DA:15,0
DA:21,0
DA:23,0
DA:24,0
DA:25,0
DA:28,0
DA:30,0
DA:31,0
DA:34,0
DA:35,0
DA:36,0
DA:42,0
DA:44,0
DA:45,0
DA:51,0
DA:53,0
DA:57,0
DA:59,0
DA:61,0
DA:62,0
DA:63,0
DA:67,0
DA:68,0
DA:70,0
DA:71,0
DA:72,0
DA:73,0
DA:74,0
DA:75,0
LF:31
LH:1
end_of_record
SF:lib/helpers/mappers.dart
DA:7,6
DA:9,1
DA:11,1
DA:14,0
DA:16,0
DA:21,8
DA:23,1
DA:25,1
DA:28,0
DA:30,0
DA:35,6
DA:37,1
DA:41,1
DA:42,1
DA:44,1
DA:45,1
DA:46,1
DA:50,0
DA:52,0
LF:19
LH:13
end_of_record
SF:lib/models/asset_model.dart
DA:23,1
DA:24,4
DA:25,2
DA:28,1
DA:29,4
DA:32,2
DA:34,3
DA:36,2
DA:45,1
DA:46,4
DA:47,2
DA:50,1
DA:51,4
DA:65,2
DA:70,4
DA:72,6
DA:74,2
DA:76,1
DA:77,2
DA:78,2
DA:83,1
DA:84,2
DA:85,2
DA:90,1
DA:91,2
DA:92,2
LF:26
LH:26
end_of_record
SF:lib/schema/schema_model.dart
DA:13,0
DA:17,0
DA:30,0
DA:35,0
DA:39,5
DA:42,0
DA:44,0
DA:46,0
DA:49,0
DA:51,0
DA:53,0
DA:55,0
DA:57,0
DA:59,0
DA:61,0
DA:70,0
DA:75,0
DA:77,0
DA:82,0
DA:84,0
DA:85,0
DA:86,0
DA:93,0
DA:95,0
DA:97,0
DA:101,0
DA:103,0
DA:105,0
DA:109,0
DA:110,0
DA:112,0
DA:116,0
DA:118,0
DA:120,0
DA:124,0
DA:126,0
DA:129,0
DA:138,5
DA:146,0
DA:149,0
DA:154,0
DA:161,0
DA:162,0
DA:163,0
DA:164,0
DA:165,0
DA:169,0
DA:171,0
DA:174,0
DA:175,0
DA:176,0
DA:177,0
DA:181,0
DA:182,0
DA:185,0
DA:191,0
DA:193,0
DA:194,0
DA:195,0
DA:197,0
DA:199,0
DA:200,0
DA:202,0
DA:206,0
DA:213,0
DA:216,0
DA:217,0
DA:218,0
DA:221,0
DA:224,0
DA:227,0
DA:231,0
DA:233,0
DA:234,0
DA:235,0
DA:237,0
DA:239,0
DA:240,0
DA:243,0
DA:244,0
DA:245,0
DA:248,0
DA:249,0
DA:250,0
DA:251,0
DA:254,0
DA:255,0
DA:260,0
DA:261,0
DA:262,0
DA:265,0
DA:266,0
DA:267,0
DA:269,0
DA:272,0
DA:273,0
DA:278,0
DA:283,5
LF:98
LH:3
end_of_record
SF:lib/schema/schema_values.dart
DA:5,5
DA:15,0
DA:16,0
DA:19,0
DA:20,0
DA:26,0
DA:28,0
DA:30,0
DA:31,0
DA:32,0
DA:33,0
DA:37,0
DA:39,0
DA:40,0
DA:41,0
DA:44,0
DA:47,0
DA:50,0
DA:51,0
DA:53,0
DA:57,0
DA:63,0
DA:65,0
DA:70,0
DA:71,0
DA:72,0
DA:76,0
DA:83,5
DA:85,0
DA:90,0
DA:91,0
DA:92,0
DA:96,0
DA:98,0
DA:102,0
DA:103,0
DA:106,0
DA:107,0
DA:116,0
DA:122,0
DA:128,0
DA:129,0
DA:130,0
DA:131,0
DA:135,0
DA:137,0
DA:139,0
DA:140,0
DA:142,0
DA:143,0
DA:152,5
DA:154,0
DA:159,0
DA:160,0
DA:161,0
DA:165,0
DA:167,0
DA:172,5
DA:174,0
DA:179,0
DA:180,0
DA:181,0
DA:185,0
DA:187,0
DA:191,0
DA:192,0
DA:200,5
DA:202,0
DA:207,0
DA:208,0
DA:209,0
DA:213,0
DA:215,0
DA:219,0
DA:220,0
DA:222,0
DA:232,0
DA:233,0
DA:234,0
DA:235,0
DA:239,0
DA:240,0
DA:241,0
DA:242,0
DA:246,0
DA:247,0
DA:248,0
DA:249,0
DA:253,0
DA:254,0
DA:255,0
DA:256,0
DA:260,0
DA:261,0
DA:262,0
DA:263,0
DA:267,0
DA:268,0
DA:269,0
DA:270,0
LF:100
LH:5
end_of_record
SF:lib/schema/validators.dart
DA:4,5
DA:10,5
DA:11,0
DA:19,0
DA:20,0
DA:29,5
DA:30,0
DA:38,5
DA:39,0
DA:50,5
DA:56,0
DA:58,0
DA:59,0
DA:60,0
DA:69,5
DA:71,0
DA:73,0
DA:81,0
DA:83,0
DA:85,0
DA:87,0
DA:88,0
DA:95,0
DA:97,0
DA:99,0
DA:101,0
DA:102,0
DA:109,0
DA:111,0
DA:113,0
DA:115,0
DA:116,0
DA:123,0
DA:125,0
DA:127,0
DA:129,0
DA:130,0
DA:138,0
DA:140,0
DA:142,0
DA:144,0
DA:145,0
DA:151,0
DA:153,0
DA:163,0
DA:165,0
DA:167,0
DA:168,0
DA:177,0
DA:179,0
DA:181,0
DA:183,0
DA:184,0
DA:192,0
DA:194,0
DA:196,0
DA:198,0
DA:199,0
LF:58
LH:6
end_of_record
SF:lib/helpers/memory_image_provider.dart
DA:12,1
DA:20,1
DA:22,2
DA:23,1
DA:25,1
DA:27,1
DA:28,1
DA:29,1
DA:30,2
LF:9
LH:9
end_of_record
